d:\src\tags\apisamples\io\vidyoclientswitch\vidyoclientswitch\debug\vidyoclientswitch.pch
d:\src\tags\apisamples\io\vidyoclientswitch\vidyoclientswitch\debug\vc120.pdb
d:\src\tags\apisamples\io\vidyoclientswitch\vidyoclientswitch\debug\vc120.idb
d:\src\tags\apisamples\io\vidyoclientswitch\vidyoclientswitch\debug\stdafx.obj
d:\src\tags\apisamples\io\vidyoclientswitch\vidyoclientswitch\debug\clientvidyoio.obj
d:\src\tags\apisamples\io\vidyoclientswitch\vidyoclientswitch\debug\clientvidyoworks.obj
d:\src\tags\apisamples\io\vidyoclientswitch\vidyoclientswitch\debug\vidyoclientswitch.obj
d:\src\tags\apisamples\io\vidyoclientswitch\vidyoclientswitch\debug\dllmain.obj
d:\src\tags\apisamples\io\vidyoclientswitch\vidyoclientswitch\debug\vidyoclientswitchutils.obj
d:\src\tags\apisamples\io\vidyoclientswitch\debug\vidyoclientswitch.ilk
d:\src\tags\apisamples\io\vidyoclientswitch\debug\vidyoclientswitch.dll
d:\src\tags\apisamples\io\vidyoclientswitch\debug\vidyoclientswitch.pdb
d:\src\tags\apisamples\io\vidyoclientswitch\debug\vidyoclientswitch.lib
d:\src\tags\apisamples\io\vidyoclientswitch\debug\vidyoclientswitch.exp
d:\src\tags\apisamples\io\vidyoclientswitch\vidyoclientswitch\debug\vidyocli.aa176157.tlog\cl.command.1.tlog
d:\src\tags\apisamples\io\vidyoclientswitch\vidyoclientswitch\debug\vidyocli.aa176157.tlog\cl.read.1.tlog
d:\src\tags\apisamples\io\vidyoclientswitch\vidyoclientswitch\debug\vidyocli.aa176157.tlog\cl.write.1.tlog
d:\src\tags\apisamples\io\vidyoclientswitch\vidyoclientswitch\debug\vidyocli.aa176157.tlog\link.command.1.tlog
d:\src\tags\apisamples\io\vidyoclientswitch\vidyoclientswitch\debug\vidyocli.aa176157.tlog\link.read.1.tlog
d:\src\tags\apisamples\io\vidyoclientswitch\vidyoclientswitch\debug\vidyocli.aa176157.tlog\link.write.1.tlog
d:\src\tags\apisamples\io\vidyoclientswitch\vidyoclientswitch\debug\vidyocli.aa176157.tlog\vidyoclientswitch.write.1u.tlog
